{
  "0 debug pnpm:scope": {
    "selected": 7,
    "total": 7,
    "workspacePrefix": "/Users/weidian/Projects/yu-page"
  },
  "1 debug pnpm:package-manifest": {
    "initial": {
      "name": "yu-page",
      "version": "1.0.0",
      "description": "",
      "scripts": {
        "editor": "pnpm serve --filter \"@yu-page/editor\"",
        "template": "pnpm serve --filter \"@yu-page/template\"",
        "server": "pnpm start --filter \"@yu-page/server\"",
        "create": "pnpm start create --filter \"@yu-page/cli\""
      },
      "repository": {
        "type": "git",
        "url": "git+https://github.com/QiYuOr2/yu-page.git"
      },
      "keywords": [],
      "author": "",
      "license": "ISC",
      "bugs": {
        "url": "https://github.com/QiYuOr2/yu-page/issues"
      },
      "homepage": "https://github.com/QiYuOr2/yu-page#readme",
      "devDependencies": {
        "@types/node": "^17.0.8",
        "cross-env": "^7.0.3",
        "less": "^3.0.4",
        "less-loader": "^5.0.0"
      }
    },
    "prefix": "/Users/weidian/Projects/yu-page"
  },
  "2 debug pnpm:package-manifest": {
    "initial": {
      "name": "@yu-page/cli",
      "version": "1.0.0",
      "description": "",
      "bin": {
        "yup": "bin/index.js"
      },
      "scripts": {
        "start": "node bin/index.js"
      },
      "keywords": [],
      "author": "",
      "license": "ISC",
      "dependencies": {
        "yargs": "^17.3.1"
      }
    },
    "prefix": "/Users/weidian/Projects/yu-page/packages/cli"
  },
  "3 debug pnpm:package-manifest": {
    "initial": {
      "name": "@yu-page/editor",
      "version": "0.1.0",
      "private": true,
      "scripts": {
        "serve": "vue-cli-service serve",
        "build": "vue-cli-service build"
      },
      "dependencies": {
        "@fect-ui/vue": "^1.2.0-rc.0",
        "@fect-ui/vue-icons": "^2.0.0",
        "axios": "^0.24.0",
        "core-js": "^3.6.5",
        "pinia": "^2.0.9",
        "vue": "^3.0.0",
        "vue-router": "^4.0.0-0"
      },
      "devDependencies": {
        "@vue/cli-plugin-babel": "~4.5.0",
        "@vue/cli-plugin-router": "~4.5.0",
        "@vue/cli-plugin-typescript": "~4.5.0",
        "@vue/cli-service": "~4.5.0",
        "@vue/compiler-sfc": "^3.0.0",
        "regenerator-runtime": "^0.13.9"
      }
    },
    "prefix": "/Users/weidian/Projects/yu-page/packages/editor"
  },
  "4 debug pnpm:package-manifest": {
    "initial": {
      "name": "@yu-page/server",
      "version": "1.0.0",
      "description": "",
      "main": "index.ts",
      "scripts": {
        "start": "cross-env tsc && node dist/app.js"
      },
      "keywords": [],
      "author": "",
      "license": "ISC",
      "dependencies": {
        "express": "^4.17.2"
      },
      "devDependencies": {
        "@types/express": "^4.17.13",
        "@types/node": "^17.0.8"
      }
    },
    "prefix": "/Users/weidian/Projects/yu-page/packages/server"
  },
  "5 debug pnpm:package-manifest": {
    "initial": {
      "name": "@yu-page/template",
      "version": "0.1.0",
      "private": true,
      "scripts": {
        "serve": "vue-cli-service serve",
        "build": "vue-cli-service build"
      },
      "dependencies": {
        "core-js": "^3.6.5",
        "vue": "^2.6.11"
      },
      "devDependencies": {
        "@vue/cli-service": "~4.5.0",
        "@vue/cli-plugin-babel": "~4.5.0",
        "vue-template-compiler": "^2.6.11"
      }
    },
    "prefix": "/Users/weidian/Projects/yu-page/packages/template"
  },
  "6 debug pnpm:package-manifest": {
    "initial": {
      "name": "yu-banner",
      "description": "banner 组件",
      "snapshot": "https://zos.alipayobjects.com/rmsportal/jkjgkEfvpUPVyRjUImniVslZfWPnJuuZ.png",
      "schema": {
        "type": "object",
        "properties": {
          "src": {
            "title": "图片地址",
            "type": "string",
            "format": "image"
          },
          "link": {
            "title": "跳转链接",
            "type": "string",
            "format": "url"
          }
        },
        "required": [
          "src"
        ]
      },
      "data": {
        "src": "https://zos.alipayobjects.com/rmsportal/jkjgkEfvpUPVyRjUImniVslZfWPnJuuZ.png"
      }
    },
    "prefix": "/Users/weidian/Projects/yu-page/packages/template/src/components/yu-banner"
  },
  "7 debug pnpm:package-manifest": {
    "initial": {
      "name": "coco-form",
      "description": "form 组件",
      "snapshot": "https://p3-juejin.byteimg.com/tos-cn-i-k3u1fbpfcp/c69eef4e997843ea84929b1c0e2a2fdf~tplv-k3u1fbpfcp-watermark.image",
      "schema": {
        "type": "object",
        "properties": {
          "btnText": {
            "title": "按钮文案",
            "type": "string"
          },
          "action": {
            "title": "提交接口地址",
            "type": "string",
            "format": "url"
          }
        },
        "required": [
          "btnText"
        ]
      },
      "data": {
        "btnText": "提交"
      }
    },
    "prefix": "/Users/weidian/Projects/yu-page/packages/template/src/components/yu-form"
  },
  "8 debug pnpm:context": {
    "currentLockfileExists": false,
    "storeDir": "/Users/weidian/.pnpm-store/v3",
    "virtualStoreDir": "/Users/weidian/Projects/yu-page/node_modules/.pnpm"
  },
  "9 debug pnpm:stage": {
    "prefix": "/Users/weidian/Projects/yu-page",
    "stage": "resolution_started"
  },
  "10 error pnpm": {
    "code": "ERR_PNPM_FETCH_404",
    "hint": "@fect-ui/vue is not in the npm registry, or you have no permission to fetch it.\n\nAn authorization header was used: Basic eHVt[hidden]",
    "request": {
      "authHeaderValue": "Basic eHVtZW5neXU6VHUgemlUdXppdHV6aTEyMzQ=",
      "url": "http://npm.idcvdian.com/@fect-ui%2Fvue"
    },
    "response": {
      "size": 0
    },
    "pkgName": "@fect-ui/vue",
    "pkgsStack": [],
    "err": {
      "name": "pnpm",
      "message": "GET http://npm.idcvdian.com/@fect-ui%2Fvue: Not Found - 404",
      "code": "ERR_PNPM_FETCH_404",
      "stack": "pnpm: GET http://npm.idcvdian.com/@fect-ui%2Fvue: Not Found - 404\n    at RetryOperation._fn (/Users/weidian/.nvm/versions/node/v14.17.3/lib/node_modules/pnpm/dist/pnpm.cjs:85054:19)\n    at processTicksAndRejections (internal/process/task_queues.js:95:5)"
    }
  }
}